<?xml version="1.0" encoding="UTF-8"?>
<testsuite name="LasagnaTest" tests="10" skipped="0" failures="0" errors="0" timestamp="2023-10-05T10:36:46" hostname="kunal179" time="0.383">
  <properties/>
  <testcase name="The totalTimeInMinutes method calculates the correct value for multiple layers" classname="LasagnaTest" time="0.251"/>
  <testcase name="The totalTimeInMinutes method calculates the correct value for single layer" classname="LasagnaTest" time="0.006"/>
  <testcase name="The remainingMinutesInOven method calculates and returns the correct value" classname="LasagnaTest" time="0.006"/>
  <testcase name="The preparationTimeInMinutes method calculates the correct value for single layer" classname="LasagnaTest" time="0.003"/>
  <testcase name="The expectedMinutesInOven method returns the correct value" classname="LasagnaTest" time="0.005"/>
  <testcase name="Implemented the totalTimeInMinutes method" classname="LasagnaTest" time="0.01"/>
  <testcase name="Implemented the remainingMinutesInOven method" classname="LasagnaTest" time="0.004"/>
  <testcase name="The preparationTimeInMinutes method calculates the correct value for multiple layers" classname="LasagnaTest" time="0.005"/>
  <testcase name="Implemented the expectedMinutesInOven method" classname="LasagnaTest" time="0.006"/>
  <testcase name="Implemented the preparationTimeInMinutes method" classname="LasagnaTest" time="0.024"/>
  <system-out><![CDATA[]]></system-out>
  <system-err><![CDATA[]]></system-err>
</testsuite>
