<?xml version="1.0" encoding="UTF-8"?>
<testsuite name="PythagoreanTripletTest" tests="9" skipped="0" failures="0" errors="0" timestamp="2023-10-05T15:43:55" hostname="kunal179" time="0.751">
  <properties/>
  <testcase name="tripletsWhoseSumIs840WithFactorsLessThanOrEqualTo370" classname="PythagoreanTripletTest" time="0.026"/>
  <testcase name="tripletsWhoseSumIs1000" classname="PythagoreanTripletTest" time="0.006"/>
  <testcase name="tripletsWhoseSumIs1001" classname="PythagoreanTripletTest" time="0.006"/>
  <testcase name="tripletsWhoseSumIs108" classname="PythagoreanTripletTest" time="0.002"/>
  <testcase name="tripletsWhoseSumIs840" classname="PythagoreanTripletTest" time="0.005"/>
  <testcase name="tripletsWhoseSumIs12" classname="PythagoreanTripletTest" time="0.002"/>
  <testcase name="tripletsWhoseSumIs90" classname="PythagoreanTripletTest" time="0.002"/>
  <testcase name="tripletsWhoseSumIs30000WithFactorsLessThanOrEqualTo12500" classname="PythagoreanTripletTest" time="0.34"/>
  <testcase name="tripletsWhoseSumIs30000" classname="PythagoreanTripletTest" time="0.351"/>
  <system-out><![CDATA[]]></system-out>
  <system-err><![CDATA[]]></system-err>
</testsuite>
