<?xml version="1.0" encoding="UTF-8"?>
<testsuite name="SimpleLinkedListTest" tests="7" skipped="0" failures="0" errors="0" timestamp="2023-10-05T13:57:33" hostname="kunal179" time="0.445">
  <properties/>
  <testcase name="canReturnListAsArray" classname="SimpleLinkedListTest" time="0.383"/>
  <testcase name="reverseReversesList" classname="SimpleLinkedListTest" time="0.014"/>
  <testcase name="canCreateFromArray" classname="SimpleLinkedListTest" time="0.012"/>
  <testcase name="canReturnEmptyListAsEmptyArray" classname="SimpleLinkedListTest" time="0.001"/>
  <testcase name="popOnEmptyListWillThrow" classname="SimpleLinkedListTest" time="0.014"/>
  <testcase name="popReturnsLastAddedElement" classname="SimpleLinkedListTest" time="0.001"/>
  <testcase name="aNewListIsEmpty" classname="SimpleLinkedListTest" time="0.001"/>
  <system-out><![CDATA[]]></system-out>
  <system-err><![CDATA[]]></system-err>
</testsuite>
